{"level":"error"}
{"level":"info","message":"MongoDB connection established."}
{"level":"info","message":"Server is running..."}
{"level":"info","message":"Listening on port: 3000"}
{"level":"error","name":"Error","statusCode":404}
{"level":"info","message":"MongoDB connection established."}
{"level":"info","message":"Server is running..."}
{"level":"info","message":"Listening on port: 3000"}
{"level":"info","message":"MongoDB connection established."}
{"level":"info","message":"Server is running..."}
{"level":"info","message":"Listening on port: 3000"}
{"level":"info","message":"MongoDB connection established."}
{"level":"info","message":"Server is running..."}
{"level":"info","message":"Listening on port: 3000"}
{"level":"info","message":"MongoDB connection established."}
{"level":"info","message":"Server is running..."}
{"level":"info","message":"Listening on port: 3000"}
{"level":"info","message":"MongoDB connection established."}
{"level":"info","message":"Server is running..."}
{"level":"info","message":"Listening on port: 3000"}
{"level":"info","message":"MongoDB connection established."}
{"level":"info","message":"MongoDB connection established."}
{"level":"info","message":"Server is running..."}
{"level":"info","message":"Listening on port: 3000"}
{"level":"info","message":"MongoDB connection established."}
{"level":"info","message":"Server is running..."}
{"level":"info","message":"Listening on port: 3000"}
{"level":"info","message":"MongoDB connection established."}
{"level":"info","message":"Server is running..."}
{"level":"info","message":"Listening on port: 3000"}
{"level":"info","message":"MongoDB connection established."}
{"level":"info","message":"Server is running..."}
{"level":"info","message":"Listening on port: 3000"}
{"level":"info","message":"MongoDB connection established."}
{"level":"info","message":"Server is running..."}
{"level":"info","message":"Listening on port: 3000"}
{"level":"info","message":"MongoDB connection established."}
{"level":"info","message":"Server is running..."}
{"level":"info","message":"Listening on port: 3000"}
{"level":"info","message":"MongoDB connection established."}
{"level":"info","message":"Server is running..."}
{"level":"info","message":"Listening on port: 3000"}
{"level":"info","message":"MongoDB connection established."}
{"level":"info","message":"Server is running..."}
{"level":"info","message":"Listening on port: 3000"}
{"level":"info","message":"MongoDB connection established."}
{"level":"info","message":"Server is running..."}
{"level":"info","message":"Listening on port: 3000"}
{"level":"info","message":"MongoDB connection established."}
{"level":"info","message":"Server is running..."}
{"level":"info","message":"Listening on port: 3000"}
{"level":"info","message":"MongoDB connection established."}
{"level":"info","message":"Server is running..."}
{"level":"info","message":"Listening on port: 3000"}
{"level":"info","message":"MongoDB connection established."}
{"level":"info","message":"Server is running..."}
{"level":"info","message":"Listening on port: 3000"}
{"level":"info","message":"MongoDB connection established."}
{"level":"info","message":"Server is running..."}
{"level":"info","message":"Listening on port: 3000"}
{"level":"info","message":"MongoDB connection established."}
{"level":"info","message":"Server is running..."}
{"level":"info","message":"Listening on port: 3000"}
{"level":"info","message":"MongoDB connection established."}
{"level":"info","message":"Server is running..."}
{"level":"info","message":"Listening on port: 3000"}
{"level":"info","message":"MongoDB connection established."}
{"level":"info","message":"Server is running..."}
{"level":"info","message":"Listening on port: 3000"}
{"level":"info","message":"MongoDB connection established."}
{"level":"info","message":"Server is running..."}
{"level":"info","message":"Listening on port: 3000"}
{"level":"info","message":"MongoDB connection established."}
{"level":"info","message":"Server is running..."}
{"level":"info","message":"Listening on port: 3000"}
{"level":"info","message":"MongoDB connection established."}
{"level":"info","message":"Server is running..."}
{"level":"info","message":"Listening on port: 3000"}
{"level":"info","message":"MongoDB connection established."}
{"level":"info","message":"Server is running..."}
{"level":"info","message":"Listening on port: 3000"}
{"level":"info","message":"MongoDB connection established."}
{"level":"info","message":"Server is running..."}
{"level":"info","message":"Listening on port: 3000"}
{"level":"info","message":"MongoDB connection established."}
{"level":"info","message":"Server is running..."}
{"level":"info","message":"Listening on port: 3000"}
{"level":"info","message":"MongoDB connection established."}
{"level":"info","message":"Server is running..."}
{"level":"info","message":"Listening on port: 3000"}
{"level":"info","message":"MongoDB connection established."}
{"level":"info","message":"Server is running..."}
{"level":"info","message":"Listening on port: 3000"}
{"level":"info","message":"MongoDB connection established."}
{"level":"info","message":"Server is running..."}
{"level":"info","message":"Listening on port: 3000"}
{"level":"info","message":"MongoDB connection established."}
{"level":"info","message":"Server is running..."}
{"level":"info","message":"Listening on port: 3000"}
{"level":"info","message":"MongoDB connection established."}
{"level":"info","message":"Server is running..."}
{"level":"info","message":"Listening on port: 3000"}
{"level":"info","message":"MongoDB connection established."}
{"level":"info","message":"Server is running..."}
{"level":"info","message":"Listening on port: 3000"}
{"level":"info","message":"MongoDB connection established."}
{"level":"info","message":"Server is running..."}
{"level":"info","message":"Listening on port: 3000"}
{"level":"info","message":"MongoDB connection established."}
{"level":"info","message":"Server is running..."}
{"level":"info","message":"Listening on port: 3000"}
{"level":"error","name":"Error","statusCode":400}
{"level":"info","message":"MongoDB connection established."}
{"level":"info","message":"Server is running..."}
{"level":"info","message":"Listening on port: 3000"}
{"level":"error","name":"Error","statusCode":400}
{"level":"info","message":"MongoDB connection established."}
{"level":"info","message":"Server is running..."}
{"level":"info","message":"Listening on port: 3000"}
{"level":"info","message":"MongoDB connection established."}
{"level":"info","message":"Server is running..."}
{"level":"info","message":"Listening on port: 3000"}
{"level":"info","message":"MongoDB connection established."}
{"level":"info","message":"Server is running..."}
{"level":"info","message":"Listening on port: 3000"}
{"level":"info","message":"MongoDB connection established."}
{"level":"info","message":"Server is running..."}
{"level":"info","message":"Listening on port: 3000"}
{"level":"info","message":"MongoDB connection established."}
{"level":"info","message":"Server is running..."}
{"level":"info","message":"Listening on port: 3000"}
{"level":"info","message":"MongoDB connection established."}
{"level":"info","message":"Server is running..."}
{"level":"info","message":"Listening on port: 3000"}
{"level":"info","message":"MongoDB connection established."}
{"level":"info","message":"Server is running..."}
{"level":"info","message":"Listening on port: 3000"}
{"level":"info","message":"MongoDB connection established."}
{"level":"info","message":"Server is running..."}
{"level":"info","message":"Listening on port: 3000"}
{"level":"info","message":"MongoDB connection established."}
{"level":"info","message":"Server is running..."}
{"level":"info","message":"Listening on port: 3000"}
{"code":11000,"index":0,"keyPattern":{"username":1},"keyValue":{"username":null},"level":"error"}
{"level":"info","message":"MongoDB connection established."}
{"level":"info","message":"Server is running..."}
{"level":"info","message":"Listening on port: 3000"}
{"level":"info","message":"MongoDB connection established."}
{"level":"info","message":"Server is running..."}
{"level":"info","message":"Listening on port: 3000"}
{"level":"info","message":"MongoDB connection established."}
{"level":"info","message":"Server is running..."}
{"level":"info","message":"Listening on port: 3000"}
{"code":11000,"index":0,"keyPattern":{"username":1},"keyValue":{"username":null},"level":"error"}
{"level":"info","message":"MongoDB connection established."}
{"level":"info","message":"Server is running..."}
{"level":"info","message":"Listening on port: 3000"}
{"level":"info","message":"MongoDB connection established."}
{"level":"info","message":"Server is running..."}
{"level":"info","message":"Listening on port: 3000"}
{"code":11000,"index":0,"keyPattern":{"username":1},"keyValue":{"username":null},"level":"error"}
{"level":"info","message":"MongoDB connection established."}
{"level":"info","message":"Server is running..."}
{"level":"info","message":"Listening on port: 3000"}
{"level":"info","message":"MongoDB connection established."}
{"level":"info","message":"Server is running..."}
{"level":"info","message":"Listening on port: 3000"}
{"level":"info","message":"MongoDB connection established."}
{"level":"info","message":"Server is running..."}
{"level":"info","message":"Listening on port: 3000"}
{"level":"info","message":"MongoDB connection established."}
{"level":"info","message":"Server is running..."}
{"level":"info","message":"Listening on port: 3000"}
{"level":"info","message":"MongoDB connection established."}
{"level":"info","message":"Server is running..."}
{"level":"info","message":"Listening on port: 3000"}
{"level":"info","message":"MongoDB connection established."}
{"level":"info","message":"Server is running..."}
{"level":"info","message":"Listening on port: 3000"}
{"level":"info","message":"MongoDB connection established."}
{"level":"info","message":"Server is running..."}
{"level":"info","message":"Listening on port: 3000"}
{"level":"info","message":"MongoDB connection established."}
{"level":"info","message":"Server is running..."}
{"level":"info","message":"Listening on port: 3000"}
{"level":"info","message":"MongoDB connection established."}
{"level":"info","message":"Server is running..."}
{"level":"info","message":"Listening on port: 3000"}
{"level":"info","message":"MongoDB connection established."}
{"level":"info","message":"Server is running..."}
{"level":"info","message":"Listening on port: 3000"}
{"level":"info","message":"MongoDB connection established."}
{"level":"info","message":"Server is running..."}
{"level":"info","message":"Listening on port: 3000"}
{"level":"info","message":"MongoDB connection established."}
{"level":"info","message":"Server is running..."}
{"level":"info","message":"Listening on port: 3000"}
